
> medplum-nextjs-demo@3.0.0 build
> next build

⚠ No build cache found. Please configure build caching for faster rebuilds. Read more: https://nextjs.org/docs/messages/no-cache
Attention: Next.js now collects completely anonymous telemetry regarding usage.
This information is used to shape Next.js' roadmap and prioritize features.
You can learn more, including how to opt-out if you'd not like to participate in this anonymous program, by visiting the following URL:
https://nextjs.org/telemetry

   ▲ Next.js 14.0.1

   Creating an optimized production build ...
(node:4995) [DEP_WEBPACK_MODULE_UPDATE_HASH] DeprecationWarning: Module.updateHash: Use new ChunkGraph API
(Use `node --trace-deprecation ...` to show where the warning was created)
 ✓ Compiled successfully
   Linting and checking validity of types ...
   Collecting page data ...
   Generating static pages (0/4) ...
   Generating static pages (1/4) 
   Generating static pages (2/4) 
   Generating static pages (3/4) 
 ✓ Generating static pages (4/4) 
   Finalizing page optimization ...
   Collecting build traces ...

Route (app)                              Size     First Load JS
┌ ○ /                                    546 B           213 kB
└ ○ /_not-found                          874 B          86.2 kB
+ First Load JS shared by all            85.3 kB
  ├ chunks/1dd3208c-112a0d5beecad7ef.js  53.3 kB
  ├ chunks/53-475d49b0c31e20f9.js        30 kB
  ├ chunks/main-app-801d684badbec49d.js  231 B
  └ chunks/webpack-65115fbe31691e44.js   1.75 kB


○  (Static)  prerendered as static HTML

